Using pre-set license
Built from '6000.1/staging' branch; Version is '6000.1.10f1 (3c681a6c22ff) revision 3958810'; Using compiler version '194234433'; Build Type 'Release'
OS: 'Windows 11  (10.0.26200) 64bit Core' Language: 'en' Physical Memory: 14188 MB
BatchMode: 1, IsHumanControllingUs: 0, StartBugReporterOnCrash: 0, Is64bit: 1, IsPro: 1
Date: 2025-10-23T11:44:04Z

COMMAND LINE ARGUMENTS:
C:\Program Files\Unity\Hub\Editor\6000.1.10f1\Editor\Unity.exe
-adb2
-batchMode
-noUpm
-name
AssetImportWorker0
-projectPath
C:/Uni stuff/Baigiamasis/One Sweep
-logFile
Logs/AssetImportWorker0.log
-srvPort
65310
-job-worker-count
7
-background-job-worker-count
8
-gc-helper-count
1
-name
AssetImport
Successfully changed project path to: C:/Uni stuff/Baigiamasis/One Sweep
C:/Uni stuff/Baigiamasis/One Sweep
[UnityMemory] Configuration Parameters - Can be set up in boot.config
    "memorysetup-allocator-temp-initial-block-size-main=262144"
    "memorysetup-allocator-temp-initial-block-size-worker=262144"
    "memorysetup-bucket-allocator-granularity=16"
    "memorysetup-bucket-allocator-bucket-count=8"
    "memorysetup-bucket-allocator-block-size=33554432"
    "memorysetup-bucket-allocator-block-count=8"
    "memorysetup-main-allocator-block-size=16777216"
    "memorysetup-thread-allocator-block-size=16777216"
    "memorysetup-gfx-main-allocator-block-size=16777216"
    "memorysetup-gfx-thread-allocator-block-size=16777216"
    "memorysetup-cache-allocator-block-size=4194304"
    "memorysetup-typetree-allocator-block-size=2097152"
    "memorysetup-profiler-bucket-allocator-granularity=16"
    "memorysetup-profiler-bucket-allocator-bucket-count=8"
    "memorysetup-profiler-bucket-allocator-block-size=33554432"
    "memorysetup-profiler-bucket-allocator-block-count=8"
    "memorysetup-profiler-allocator-block-size=16777216"
    "memorysetup-profiler-editor-allocator-block-size=1048576"
    "memorysetup-temp-allocator-size-main=16777216"
    "memorysetup-job-temp-allocator-block-size=2097152"
    "memorysetup-job-temp-allocator-block-size-background=1048576"
    "memorysetup-job-temp-allocator-reduction-small-platforms=262144"
    "memorysetup-temp-allocator-size-background-worker=32768"
    "memorysetup-temp-allocator-size-job-worker=262144"
    "memorysetup-temp-allocator-size-preload-manager=33554432"
    "memorysetup-temp-allocator-size-nav-mesh-worker=65536"
    "memorysetup-temp-allocator-size-audio-worker=65536"
    "memorysetup-temp-allocator-size-cloud-worker=32768"
    "memorysetup-temp-allocator-size-gi-baking-worker=262144"
    "memorysetup-temp-allocator-size-gi-baking-worker=262144"
    "memorysetup-temp-allocator-size-gi-baking-worker=262144"
    "memorysetup-temp-allocator-size-gi-baking-worker=262144"
    "memorysetup-temp-allocator-size-gi-baking-worker=262144"
    "memorysetup-temp-allocator-size-gfx=262144"
Player connection [27332]  Target information:

Player connection [27332]  * "[IP] 100.71.18.39 [Port] 0 [Flags] 2 [Guid] 2358996246 [EditorId] 2358996246 [Version] 1048832 [Id] WindowsEditor(7,Augustinas) [Debug] 1 [PackageName] WindowsEditor [ProjectName] Editor" 

Player connection [27332]  * "[IP] 10.143.62.162 [Port] 0 [Flags] 2 [Guid] 2358996246 [EditorId] 2358996246 [Version] 1048832 [Id] WindowsEditor(7,Augustinas) [Debug] 1 [PackageName] WindowsEditor [ProjectName] Editor" 

Player connection [27332] Host joined multi-casting on [225.0.0.222:54997]...
Player connection [27332] Host joined alternative multi-casting on [225.0.0.222:34997]...
JobSystem: Creating JobQueue using job-worker-count value 7
Input System module state changed to: Initialized.
[Physics::Module] Initialized fallback backend.
[Physics::Module] Id: 0xdecafbad
Library Redirect Path: Library/
[Physics::Module] Selected backend.
[Physics::Module] Name: PhysX
[Physics::Module] Id: 0xf2b8ea05
[Physics::Module] SDK Version: 4.1.2
[Physics::Module] Integration Version: 1.0.0
[Physics::Module] Threading Mode: Multi-Threaded
Refreshing native plugins compatible for Editor in 253.87 ms, found 4 plugins.
Preloading 0 native plugins for Editor in 0.00 ms.
Initialize engine version: 6000.1.10f1 (3c681a6c22ff)
[Subsystems] Discovering subsystems at path C:/Program Files/Unity/Hub/Editor/6000.1.10f1/Editor/Data/Resources/UnitySubsystems
[Subsystems] Discovering subsystems at path C:/Uni stuff/Baigiamasis/One Sweep/Assets
GfxDevice: creating device client; kGfxThreadingModeNonThreaded
Direct3D:
    Version:         Direct3D 12 [level 12.1]
    Renderer:        NVIDIA GeForce RTX 3070 Laptop GPU (ID=0x24dd)
    Vendor:          NVIDIA
    VRAM:            8020 MB
    App VRAM Budget: 7252 MB
    Driver:          32.0.15.8157
Initialize mono
Mono path[0] = 'C:/Program Files/Unity/Hub/Editor/6000.1.10f1/Editor/Data/Managed'
Mono path[1] = 'C:/Program Files/Unity/Hub/Editor/6000.1.10f1/Editor/Data/MonoBleedingEdge/lib/mono/unityjit-win32'
Mono config path = 'C:/Program Files/Unity/Hub/Editor/6000.1.10f1/Editor/Data/MonoBleedingEdge/etc'
Using monoOptions --debugger-agent=transport=dt_socket,embedding=1,server=y,suspend=n,address=127.0.0.1:56752
Begin MonoManager ReloadAssembly
Registering precompiled unity dll's ...
Register platform support module: C:/Program Files/Unity/Hub/Editor/6000.1.10f1/Editor/Data/PlaybackEngines/WebGLSupport/UnityEditor.WebGL.Extensions.dll
Register platform support module: C:/Program Files/Unity/Hub/Editor/6000.1.10f1/Editor/Data/PlaybackEngines/WindowsStandaloneSupport/UnityEditor.WindowsStandalone.Extensions.dll
Register platform support module: C:/Program Files/Unity/Hub/Editor/6000.1.10f1/Editor/Data/PlaybackEngines/AndroidPlayer/UnityEditor.Android.Extensions.dll
Registered in 0.676636 seconds.
- Loaded All Assemblies, in 11.699 seconds
Native extension for Android target not found
Android Extension - Scanning For ADB Devices 507 ms
Native extension for WindowsStandalone target not found
Native extension for WebGL target not found
Mono: successfully reloaded assembly
- Finished resetting the current domain, in  1.019 seconds
Domain Reload Profiling: 12631ms
	BeginReloadAssembly (9535ms)
		ExecutionOrderSort (0ms)
		DisableScriptedObjects (0ms)
		BackupInstance (0ms)
		ReleaseScriptingObjects (0ms)
		CreateAndSetChildDomain (1ms)
	RebuildCommonClasses (49ms)
	RebuildNativeTypeToScriptingClass (14ms)
	initialDomainReloadingComplete (830ms)
	LoadAllAssembliesAndSetupDomain (1183ms)
		LoadAssemblies (9472ms)
		RebuildTransferFunctionScriptingTraits (0ms)
		AnalyzeDomain (1154ms)
			TypeCache.Refresh (1152ms)
				TypeCache.ScanAssembly (1136ms)
			BuildScriptInfoCaches (0ms)
			ResolveRequiredComponents (1ms)
	FinalizeReload (1020ms)
		ReleaseScriptCaches (0ms)
		RebuildScriptCaches (0ms)
		SetupLoadedEditorAssemblies (968ms)
			LogAssemblyErrors (0ms)
			InitializePlatformSupportModulesInManaged (673ms)
			SetLoadedEditorAssemblies (4ms)
			BeforeProcessingInitializeOnLoad (73ms)
			ProcessInitializeOnLoadAttributes (149ms)
			ProcessInitializeOnLoadMethodAttributes (69ms)
			AfterProcessingInitializeOnLoad (0ms)
			EditorAssembliesLoaded (0ms)
		ExecutionOrderSort2 (0ms)
		AwakeInstancesAfterBackupRestoration (0ms)
========================================================================
Worker process is ready to serve import requests
Import Worker Mode flag is 0x00
Begin MonoManager ReloadAssembly
- Loaded All Assemblies, in 10.063 seconds
Refreshing native plugins compatible for Editor in 5.18 ms, found 4 plugins.
Native extension for Android target not found
Native extension for WindowsStandalone target not found
Native extension for WebGL target not found
Mono: successfully reloaded assembly
- Finished resetting the current domain, in  1.546 seconds
Domain Reload Profiling: 11544ms
	BeginReloadAssembly (598ms)
		ExecutionOrderSort (0ms)
		DisableScriptedObjects (8ms)
		BackupInstance (0ms)
		ReleaseScriptingObjects (0ms)
		CreateAndSetChildDomain (47ms)
	RebuildCommonClasses (50ms)
	RebuildNativeTypeToScriptingClass (13ms)
	initialDomainReloadingComplete (128ms)
	LoadAllAssembliesAndSetupDomain (9209ms)
		LoadAssemblies (9301ms)
		RebuildTransferFunctionScriptingTraits (0ms)
		AnalyzeDomain (342ms)
			TypeCache.Refresh (260ms)
				TypeCache.ScanAssembly (233ms)
			BuildScriptInfoCaches (66ms)
			ResolveRequiredComponents (12ms)
	FinalizeReload (1547ms)
		ReleaseScriptCaches (0ms)
		RebuildScriptCaches (0ms)
		SetupLoadedEditorAssemblies (1231ms)
			LogAssemblyErrors (0ms)
			InitializePlatformSupportModulesInManaged (36ms)
			SetLoadedEditorAssemblies (7ms)
			BeforeProcessingInitializeOnLoad (249ms)
			ProcessInitializeOnLoadAttributes (812ms)
			ProcessInitializeOnLoadMethodAttributes (98ms)
			AfterProcessingInitializeOnLoad (28ms)
			EditorAssembliesLoaded (0ms)
		ExecutionOrderSort2 (0ms)
		AwakeInstancesAfterBackupRestoration (10ms)
Launched and connected shader compiler UnityShaderCompiler.exe after 0.04 seconds
Refreshing native plugins compatible for Editor in 6.06 ms, found 4 plugins.
Preloading 0 native plugins for Editor in 0.00 ms.
Unloading 237 Unused Serialized files (Serialized files now loaded: 0)
Unloading 6632 unused Assets / (4.9 MB). Loaded Objects now: 7404.
Memory consumption went from 190.5 MB to 185.6 MB.
Total: 11.825400 ms (FindLiveObjects: 0.866400 ms CreateObjectMapping: 0.871600 ms MarkObjects: 7.022000 ms  DeleteObjects: 3.062400 ms)

========================================================================
Received Import Request.
  Time since last request: 2754.998278 seconds.
  path: Assets/brushTexture.png
  artifactKey: Guid(afe30fa536677b046ad92694bb99a3c9) Importer(815301076,1909f56bfc062723c751e8b465ee728b)
Start importing Assets/brushTexture.png using Guid(afe30fa536677b046ad92694bb99a3c9) Importer(815301076,1909f56bfc062723c751e8b465ee728b) (PreviewImporter) -> (artifact id: '8a62b9a181f48a6f84dadf2d0371d677') in 0.1151488 seconds
Number of updated asset objects reloaded before import = 0Number of asset objects unloaded after import = 2

========================================================================
Received Import Request.
  Time since last request: 0.000068 seconds.
  path: Assets/URP_Renderer.asset
  artifactKey: Guid(8caadd6ed7c0a4c44beb178870eb3a1d) Importer(815301076,1909f56bfc062723c751e8b465ee728b)
Start importing Assets/URP_Renderer.asset using Guid(8caadd6ed7c0a4c44beb178870eb3a1d) Importer(815301076,1909f56bfc062723c751e8b465ee728b) (PreviewImporter) -> (artifact id: '7e25d25a51b431dcc444c70f09e7f408') in 0.002387 seconds
Number of updated asset objects reloaded before import = 0Number of asset objects unloaded after import = 1

========================================================================
Received Import Request.
  Time since last request: 0.000025 seconds.
  path: Assets/UniversalRenderPipelineGlobalSettings.asset
  artifactKey: Guid(108165aefddd212498c1eef1e5739016) Importer(815301076,1909f56bfc062723c751e8b465ee728b)
Start importing Assets/UniversalRenderPipelineGlobalSettings.asset using Guid(108165aefddd212498c1eef1e5739016) Importer(815301076,1909f56bfc062723c751e8b465ee728b) (PreviewImporter) -> (artifact id: '112e6a03c53d11e30fcf9f3feb102d18') in 0.0018903 seconds
Number of updated asset objects reloaded before import = 0Number of asset objects unloaded after import = 0

========================================================================
Received Import Request.
  Time since last request: 72.920920 seconds.
  path: Assets/Models/Props/Devon/Progress/Wall_2/FBX/Handle.fbx
  artifactKey: Guid(13f709ba8826f614ba49c2dfae84c6d7) Importer(815301076,1909f56bfc062723c751e8b465ee728b)
Start importing Assets/Models/Props/Devon/Progress/Wall_2/FBX/Handle.fbx using Guid(13f709ba8826f614ba49c2dfae84c6d7) Importer(815301076,1909f56bfc062723c751e8b465ee728b) (PreviewImporter) -> (artifact id: 'e241e17bef3ecaab6ccf2f9a04babc05') in 0.5574725 seconds
Number of updated asset objects reloaded before import = 0Number of asset objects unloaded after import = 24

========================================================================
Received Import Request.
  Time since last request: 0.000055 seconds.
  path: Assets/Models/Props/Devon/Progress/Wall_2/FBX/Wall_2.fbx
  artifactKey: Guid(b97b66107abfca142b6a148bd98e140e) Importer(815301076,1909f56bfc062723c751e8b465ee728b)
Start importing Assets/Models/Props/Devon/Progress/Wall_2/FBX/Wall_2.fbx using Guid(b97b66107abfca142b6a148bd98e140e) Importer(815301076,1909f56bfc062723c751e8b465ee728b) (PreviewImporter) -> (artifact id: 'b5ec09ec5856ae612b269fa3752739f6') in 0.860586 seconds
Number of updated asset objects reloaded before import = 0Number of asset objects unloaded after import = 18

========================================================================
Received Import Request.
  Time since last request: 63.836036 seconds.
  path: Assets/Models/Game Objects/Gravity/Tex/Gravity_standardSurface1_Emissive.png
  artifactKey: Guid(b42cf0871dd0b8844b70ee4f3a9edbd5) Importer(815301076,1909f56bfc062723c751e8b465ee728b)
Start importing Assets/Models/Game Objects/Gravity/Tex/Gravity_standardSurface1_Emissive.png using Guid(b42cf0871dd0b8844b70ee4f3a9edbd5) Importer(815301076,1909f56bfc062723c751e8b465ee728b) (PreviewImporter) -> (artifact id: '235662e8eb8390f5833993dd275167c3') in 0.0202899 seconds
Number of updated asset objects reloaded before import = 0Number of asset objects unloaded after import = 2

========================================================================
Received Import Request.
  Time since last request: 0.000067 seconds.
  path: Assets/Models/Game Objects/Gravity/Tex/Gravity_standardSurface1_Height.png
  artifactKey: Guid(3acff71ac123e0847b2dffd3a447899e) Importer(815301076,1909f56bfc062723c751e8b465ee728b)
Start importing Assets/Models/Game Objects/Gravity/Tex/Gravity_standardSurface1_Height.png using Guid(3acff71ac123e0847b2dffd3a447899e) Importer(815301076,1909f56bfc062723c751e8b465ee728b) (PreviewImporter) -> (artifact id: 'a381c96e92c41f98037418cac01b49ee') in 0.0251082 seconds
Number of updated asset objects reloaded before import = 0Number of asset objects unloaded after import = 2

========================================================================
Received Import Request.
  Time since last request: 0.000117 seconds.
  path: Assets/Models/Game Objects/Gravity/Tex/Gravity_standardSurface1_Roughness.png
  artifactKey: Guid(36b9ff6391ac235458c89e9912aa8904) Importer(815301076,1909f56bfc062723c751e8b465ee728b)
Start importing Assets/Models/Game Objects/Gravity/Tex/Gravity_standardSurface1_Roughness.png using Guid(36b9ff6391ac235458c89e9912aa8904) Importer(815301076,1909f56bfc062723c751e8b465ee728b) (PreviewImporter) -> (artifact id: '72f2d805efd5a4a987ec7f8455f7889b') in 0.0245029 seconds
Number of updated asset objects reloaded before import = 0Number of asset objects unloaded after import = 2

========================================================================
Received Import Request.
  Time since last request: 57.714859 seconds.
  path: Assets/Models/Game Objects/Turret/Robot gun thing/barrel1/gun guy_barrel_1_Emissive.png
  artifactKey: Guid(88a3da7f40c06ff438f5a856c8044285) Importer(815301076,1909f56bfc062723c751e8b465ee728b)
Start importing Assets/Models/Game Objects/Turret/Robot gun thing/barrel1/gun guy_barrel_1_Emissive.png using Guid(88a3da7f40c06ff438f5a856c8044285) Importer(815301076,1909f56bfc062723c751e8b465ee728b) (PreviewImporter) -> (artifact id: '2fe0cde568995eb71c99000820eecced') in 0.0280976 seconds
Number of updated asset objects reloaded before import = 0Number of asset objects unloaded after import = 2

========================================================================
Received Import Request.
  Time since last request: 0.000062 seconds.
  path: Assets/Models/Game Objects/Turret/Robot gun thing/barrel/gun guy_barrel_BaseColor.png
  artifactKey: Guid(e43f939b94085cd4dad69817d1853aff) Importer(815301076,1909f56bfc062723c751e8b465ee728b)
Start importing Assets/Models/Game Objects/Turret/Robot gun thing/barrel/gun guy_barrel_BaseColor.png using Guid(e43f939b94085cd4dad69817d1853aff) Importer(815301076,1909f56bfc062723c751e8b465ee728b) (PreviewImporter) -> (artifact id: '182f43a2dc524fdfdc7d28736555bd10') in 0.0280927 seconds
Number of updated asset objects reloaded before import = 0Number of asset objects unloaded after import = 2

========================================================================
Received Import Request.
  Time since last request: 0.000054 seconds.
  path: Assets/Models/Game Objects/Turret/Robot gun thing/barrel/gun guy_barrel_Emissive.png
  artifactKey: Guid(cb023142281cfd244b521a9168c1a152) Importer(815301076,1909f56bfc062723c751e8b465ee728b)
Start importing Assets/Models/Game Objects/Turret/Robot gun thing/barrel/gun guy_barrel_Emissive.png using Guid(cb023142281cfd244b521a9168c1a152) Importer(815301076,1909f56bfc062723c751e8b465ee728b) (PreviewImporter) -> (artifact id: 'b6f950413ea0072ea5657182e39b7832') in 0.0193009 seconds
Number of updated asset objects reloaded before import = 0Number of asset objects unloaded after import = 2

========================================================================
Received Import Request.
  Time since last request: 0.000034 seconds.
  path: Assets/Models/Game Objects/Turret/Robot gun thing/barrel1/gun guy_barrel_1_Metallic.png
  artifactKey: Guid(f56c8ca0cab793d4ab00f27c67de3ee2) Importer(815301076,1909f56bfc062723c751e8b465ee728b)
Start importing Assets/Models/Game Objects/Turret/Robot gun thing/barrel1/gun guy_barrel_1_Metallic.png using Guid(f56c8ca0cab793d4ab00f27c67de3ee2) Importer(815301076,1909f56bfc062723c751e8b465ee728b) (PreviewImporter) -> (artifact id: '8c13c39d80b31f1bf077aa8e547f23ea') in 0.0183877 seconds
Number of updated asset objects reloaded before import = 0Number of asset objects unloaded after import = 2

========================================================================
Received Import Request.
  Time since last request: 0.000034 seconds.
  path: Assets/Models/Game Objects/Turret/Robot gun thing/barrel2/gun guy_barrel_2_Normal.png
  artifactKey: Guid(f139e83d70b6bfe4d99fa85efd98b591) Importer(815301076,1909f56bfc062723c751e8b465ee728b)
Start importing Assets/Models/Game Objects/Turret/Robot gun thing/barrel2/gun guy_barrel_2_Normal.png using Guid(f139e83d70b6bfe4d99fa85efd98b591) Importer(815301076,1909f56bfc062723c751e8b465ee728b) (PreviewImporter) -> (artifact id: 'a490e2443a3b00bbf88e6d23393a3dc7') in 0.087936 seconds
Number of updated asset objects reloaded before import = 0Number of asset objects unloaded after import = 2

========================================================================
Received Import Request.
  Time since last request: 0.000051 seconds.
  path: Assets/Models/Game Objects/Turret/Robot gun thing/barrel2/gun guy_barrel_2_Metallic.png
  artifactKey: Guid(a6f3f26964aa1db4b966905ad580002e) Importer(815301076,1909f56bfc062723c751e8b465ee728b)
Start importing Assets/Models/Game Objects/Turret/Robot gun thing/barrel2/gun guy_barrel_2_Metallic.png using Guid(a6f3f26964aa1db4b966905ad580002e) Importer(815301076,1909f56bfc062723c751e8b465ee728b) (PreviewImporter) -> (artifact id: '1fdd8fb6d3254a7b7f6d1737da4af692') in 0.0238202 seconds
Number of updated asset objects reloaded before import = 0Number of asset objects unloaded after import = 2

========================================================================
Received Import Request.
  Time since last request: 0.000029 seconds.
  path: Assets/Models/Game Objects/Turret/Robot gun thing/barrel2/gun guy_barrel_2_Roughness.png
  artifactKey: Guid(aa19810f0fafa4a45842c95a40fb7585) Importer(815301076,1909f56bfc062723c751e8b465ee728b)
Start importing Assets/Models/Game Objects/Turret/Robot gun thing/barrel2/gun guy_barrel_2_Roughness.png using Guid(aa19810f0fafa4a45842c95a40fb7585) Importer(815301076,1909f56bfc062723c751e8b465ee728b) (PreviewImporter) -> (artifact id: 'a4e5329bdc095d4dd16feacf5bba796b') in 0.0281087 seconds
Number of updated asset objects reloaded before import = 0Number of asset objects unloaded after import = 2

========================================================================
Received Import Request.
  Time since last request: 0.289964 seconds.
  path: Assets/Models/Textures/floor_tiles_06_4k/textures/floor_tiles_06_disp_4k.png
  artifactKey: Guid(6ec6f5b80a844714b9cf8ccb0773b376) Importer(815301076,1909f56bfc062723c751e8b465ee728b)
Start importing Assets/Models/Textures/floor_tiles_06_4k/textures/floor_tiles_06_disp_4k.png using Guid(6ec6f5b80a844714b9cf8ccb0773b376) Importer(815301076,1909f56bfc062723c751e8b465ee728b) (PreviewImporter) -> (artifact id: '320b5b00cd104591d85cfce386630dc7') in 0.0319707 seconds
Number of updated asset objects reloaded before import = 0Number of asset objects unloaded after import = 2

========================================================================
Received Import Request.
  Time since last request: 0.000051 seconds.
  path: Assets/Models/Props/Justas/File_locker/Main/file locker_file_1_Emissive.png
  artifactKey: Guid(01873a32f41480949abadcc975b82528) Importer(815301076,1909f56bfc062723c751e8b465ee728b)
Start importing Assets/Models/Props/Justas/File_locker/Main/file locker_file_1_Emissive.png using Guid(01873a32f41480949abadcc975b82528) Importer(815301076,1909f56bfc062723c751e8b465ee728b) (PreviewImporter) -> (artifact id: 'd87ef608eb86dfaf3f98996c7dd18c27') in 0.0161435 seconds
Number of updated asset objects reloaded before import = 0Number of asset objects unloaded after import = 2

========================================================================
Received Import Request.
  Time since last request: 0.000079 seconds.
  path: Assets/Models/Props/Justas/File_locker/Main/file locker_file_1_Height.png
  artifactKey: Guid(ffd331667a018ee428afc534c2c8d39e) Importer(815301076,1909f56bfc062723c751e8b465ee728b)
Start importing Assets/Models/Props/Justas/File_locker/Main/file locker_file_1_Height.png using Guid(ffd331667a018ee428afc534c2c8d39e) Importer(815301076,1909f56bfc062723c751e8b465ee728b) (PreviewImporter) -> (artifact id: '02b739a4ade4f41089a8a43f4bce3a6f') in 0.0257138 seconds
Number of updated asset objects reloaded before import = 0Number of asset objects unloaded after import = 2

========================================================================
Received Import Request.
  Time since last request: 0.000028 seconds.
  path: Assets/Models/Props/Justas/File_locker/handles/file locker_file3_Emissive.png
  artifactKey: Guid(c92d02ee0833fa745a46520458f96d45) Importer(815301076,1909f56bfc062723c751e8b465ee728b)
Start importing Assets/Models/Props/Justas/File_locker/handles/file locker_file3_Emissive.png using Guid(c92d02ee0833fa745a46520458f96d45) Importer(815301076,1909f56bfc062723c751e8b465ee728b) (PreviewImporter) -> (artifact id: 'ff03c8ca7af2234b8d2394355b24aff1') in 0.0132964 seconds
Number of updated asset objects reloaded before import = 0Number of asset objects unloaded after import = 2

========================================================================
Received Import Request.
  Time since last request: 0.000031 seconds.
  path: Assets/Models/Textures/Facade019B_2K-PNG/Facade019B_2K-PNG_Color.png
  artifactKey: Guid(8e171f4dfdabf0342bf23c94058fb268) Importer(815301076,1909f56bfc062723c751e8b465ee728b)
Start importing Assets/Models/Textures/Facade019B_2K-PNG/Facade019B_2K-PNG_Color.png using Guid(8e171f4dfdabf0342bf23c94058fb268) Importer(815301076,1909f56bfc062723c751e8b465ee728b) (PreviewImporter) -> (artifact id: '2d28543542763c5106cfa58f1538918f') in 0.0335988 seconds
Number of updated asset objects reloaded before import = 0Number of asset objects unloaded after import = 2

========================================================================
Received Import Request.
  Time since last request: 0.000088 seconds.
  path: Assets/Models/Textures/Facade019B_2K-PNG/Facade019B_2K-PNG_AmbientOcclusion.png
  artifactKey: Guid(c9775cfeb09fb5248b9f60913d9065c4) Importer(815301076,1909f56bfc062723c751e8b465ee728b)
Start importing Assets/Models/Textures/Facade019B_2K-PNG/Facade019B_2K-PNG_AmbientOcclusion.png using Guid(c9775cfeb09fb5248b9f60913d9065c4) Importer(815301076,1909f56bfc062723c751e8b465ee728b) (PreviewImporter) -> (artifact id: '91349fbb087375ee79df59f0240642fd') in 0.0304702 seconds
Number of updated asset objects reloaded before import = 0Number of asset objects unloaded after import = 2

========================================================================
Received Import Request.
  Time since last request: 0.000061 seconds.
  path: Assets/Models/Textures/DiamondPlate008B_2K-PNG/DiamondPlate008B.png
  artifactKey: Guid(9a690fafec4a3a04f8c2fb6064237db7) Importer(815301076,1909f56bfc062723c751e8b465ee728b)
Start importing Assets/Models/Textures/DiamondPlate008B_2K-PNG/DiamondPlate008B.png using Guid(9a690fafec4a3a04f8c2fb6064237db7) Importer(815301076,1909f56bfc062723c751e8b465ee728b) (PreviewImporter) -> (artifact id: '30415b840e15a034cffe830e7b20366f') in 0.0253151 seconds
Number of updated asset objects reloaded before import = 0Number of asset objects unloaded after import = 2

========================================================================
Received Import Request.
  Time since last request: 0.000029 seconds.
  path: Assets/Models/Props/Devon/Progress/Wall_2/Tex/Frame/Door_Window_standardSurface1_Normal.png
  artifactKey: Guid(1df032fa403e0ba438e977276d98dee2) Importer(815301076,1909f56bfc062723c751e8b465ee728b)
Start importing Assets/Models/Props/Devon/Progress/Wall_2/Tex/Frame/Door_Window_standardSurface1_Normal.png using Guid(1df032fa403e0ba438e977276d98dee2) Importer(815301076,1909f56bfc062723c751e8b465ee728b) (PreviewImporter) -> (artifact id: '25c5eacce9469f3785aea07c2a61cc61') in 0.0374534 seconds
Number of updated asset objects reloaded before import = 0Number of asset objects unloaded after import = 2

========================================================================
Received Import Request.
  Time since last request: 0.000078 seconds.
  path: Assets/Models/Props/Devon/Progress/Cart/Cart Cover/Tex/CartCover_standardSurface1_Normal.png
  artifactKey: Guid(beefaa474b508e74696598feff528e46) Importer(815301076,1909f56bfc062723c751e8b465ee728b)
Start importing Assets/Models/Props/Devon/Progress/Cart/Cart Cover/Tex/CartCover_standardSurface1_Normal.png using Guid(beefaa474b508e74696598feff528e46) Importer(815301076,1909f56bfc062723c751e8b465ee728b) (PreviewImporter) -> (artifact id: 'c66cda4d258b47cff228740976b2e7d4') in 0.0329118 seconds
Number of updated asset objects reloaded before import = 0Number of asset objects unloaded after import = 2

========================================================================
Received Import Request.
  Time since last request: 0.000041 seconds.
  path: Assets/Models/Board/Brd_Textures_V01/Button_Covering_Base_color.png
  artifactKey: Guid(4c95cb117cc405e4082b104b1a2e4c1a) Importer(815301076,1909f56bfc062723c751e8b465ee728b)
Start importing Assets/Models/Board/Brd_Textures_V01/Button_Covering_Base_color.png using Guid(4c95cb117cc405e4082b104b1a2e4c1a) Importer(815301076,1909f56bfc062723c751e8b465ee728b) (PreviewImporter) -> (artifact id: '4860bcf9795dacf0bdfbfa92eccbbc0c') in 0.0361088 seconds
Number of updated asset objects reloaded before import = 0Number of asset objects unloaded after import = 2

========================================================================
Received Import Request.
  Time since last request: 0.000028 seconds.
  path: Assets/Models/Props/Justas/box/tape/box closed_tape_BaseColor.png
  artifactKey: Guid(73a699c4eb6bafc489a2ff3e71ecae25) Importer(815301076,1909f56bfc062723c751e8b465ee728b)
Start importing Assets/Models/Props/Justas/box/tape/box closed_tape_BaseColor.png using Guid(73a699c4eb6bafc489a2ff3e71ecae25) Importer(815301076,1909f56bfc062723c751e8b465ee728b) (PreviewImporter) -> (artifact id: '1412f1affd72341f95d1f2ff6fe1de28') in 0.0279097 seconds
Number of updated asset objects reloaded before import = 0Number of asset objects unloaded after import = 2

========================================================================
Received Import Request.
  Time since last request: 0.000043 seconds.
  path: Assets/Models/Board/Brd_Textures_V01/Board_Normal_OpenGL.png
  artifactKey: Guid(1ed83fdf163660548a2282f4e12cfb52) Importer(815301076,1909f56bfc062723c751e8b465ee728b)
Start importing Assets/Models/Board/Brd_Textures_V01/Board_Normal_OpenGL.png using Guid(1ed83fdf163660548a2282f4e12cfb52) Importer(815301076,1909f56bfc062723c751e8b465ee728b) (PreviewImporter) -> (artifact id: '4783a2ce99f0bed2b011106d0c778d1f') in 0.0185786 seconds
Number of updated asset objects reloaded before import = 0Number of asset objects unloaded after import = 2

========================================================================
Received Import Request.
  Time since last request: 0.000044 seconds.
  path: Assets/Models/Props/Devon/Progress/Bottle 1/Tex/Bottle_1_Bottle_1_Normal.png
  artifactKey: Guid(6cc6e0f6bdc92254e90afac7a3a0e805) Importer(815301076,1909f56bfc062723c751e8b465ee728b)
Start importing Assets/Models/Props/Devon/Progress/Bottle 1/Tex/Bottle_1_Bottle_1_Normal.png using Guid(6cc6e0f6bdc92254e90afac7a3a0e805) Importer(815301076,1909f56bfc062723c751e8b465ee728b) (PreviewImporter) -> (artifact id: 'c8adc754f93bf592b7348d46b8c3b718') in 0.0184854 seconds
Number of updated asset objects reloaded before import = 0Number of asset objects unloaded after import = 2

========================================================================
Received Import Request.
  Time since last request: 0.000053 seconds.
  path: Assets/Models/Props/Justas/File_locker/handles/file locker_file3_Height.png
  artifactKey: Guid(f0cc494309db0f34e9d2d878ec51a5bf) Importer(815301076,1909f56bfc062723c751e8b465ee728b)
Start importing Assets/Models/Props/Justas/File_locker/handles/file locker_file3_Height.png using Guid(f0cc494309db0f34e9d2d878ec51a5bf) Importer(815301076,1909f56bfc062723c751e8b465ee728b) (PreviewImporter) -> (artifact id: 'b1e5a40fa936760fe06f99362aac2d0c') in 0.0154657 seconds
Number of updated asset objects reloaded before import = 0Number of asset objects unloaded after import = 2

========================================================================
Received Import Request.
  Time since last request: 0.000060 seconds.
  path: Assets/Models/Board/Brd_Textures_V01/Button_Covering_Normal_OpenGL.png
  artifactKey: Guid(56fffcc7091bdb34d88dfcebaac0ffb8) Importer(815301076,1909f56bfc062723c751e8b465ee728b)
Start importing Assets/Models/Board/Brd_Textures_V01/Button_Covering_Normal_OpenGL.png using Guid(56fffcc7091bdb34d88dfcebaac0ffb8) Importer(815301076,1909f56bfc062723c751e8b465ee728b) (PreviewImporter) -> (artifact id: '268e0d6e43cab57e30be1bfff32bf159') in 0.0320767 seconds
Number of updated asset objects reloaded before import = 0Number of asset objects unloaded after import = 2

========================================================================
Received Import Request.
  Time since last request: 0.000030 seconds.
  path: Assets/Models/Board/Brd_Textures_V01/Control_Unit1_Metallic.png
  artifactKey: Guid(a0ee2b918a74c9b499ef3501d0c6b9da) Importer(815301076,1909f56bfc062723c751e8b465ee728b)
Start importing Assets/Models/Board/Brd_Textures_V01/Control_Unit1_Metallic.png using Guid(a0ee2b918a74c9b499ef3501d0c6b9da) Importer(815301076,1909f56bfc062723c751e8b465ee728b) (PreviewImporter) -> (artifact id: '49b4a6906d24e7e5b38a6bac7b729f92') in 0.0276464 seconds
Number of updated asset objects reloaded before import = 0Number of asset objects unloaded after import = 2

========================================================================
Received Import Request.
  Time since last request: 0.000031 seconds.
  path: Assets/Models/Props/Justas/File_locker/Drawer/file locker_file2_Metallic.png
  artifactKey: Guid(a4f3aa42d07994b439f889263caa105d) Importer(815301076,1909f56bfc062723c751e8b465ee728b)
Start importing Assets/Models/Props/Justas/File_locker/Drawer/file locker_file2_Metallic.png using Guid(a4f3aa42d07994b439f889263caa105d) Importer(815301076,1909f56bfc062723c751e8b465ee728b) (PreviewImporter) -> (artifact id: '0a1fc6116281117125a45fdd47903fad') in 0.013826 seconds
Number of updated asset objects reloaded before import = 0Number of asset objects unloaded after import = 2

========================================================================
Received Import Request.
  Time since last request: 0.000090 seconds.
  path: Assets/Models/Game Objects/Button/Tex/Button_standardSurface1_Metallic.png
  artifactKey: Guid(f89d256b6e2633b47ae03a1a9f181a98) Importer(815301076,1909f56bfc062723c751e8b465ee728b)
Start importing Assets/Models/Game Objects/Button/Tex/Button_standardSurface1_Metallic.png using Guid(f89d256b6e2633b47ae03a1a9f181a98) Importer(815301076,1909f56bfc062723c751e8b465ee728b) (PreviewImporter) -> (artifact id: '94a4ef7d497a3abdc7cef675f5c3e784') in 0.0370782 seconds
Number of updated asset objects reloaded before import = 0Number of asset objects unloaded after import = 2

========================================================================
Received Import Request.
  Time since last request: 0.000062 seconds.
  path: Assets/Models/Board/Brd_Textures_V01/Control_Unit1_Height.png
  artifactKey: Guid(d1eb9d7b61f541a49a296a621bf59e06) Importer(815301076,1909f56bfc062723c751e8b465ee728b)
Start importing Assets/Models/Board/Brd_Textures_V01/Control_Unit1_Height.png using Guid(d1eb9d7b61f541a49a296a621bf59e06) Importer(815301076,1909f56bfc062723c751e8b465ee728b) (PreviewImporter) -> (artifact id: '9273b5f5c7eeabdab70341569e730ae0') in 0.0309193 seconds
Number of updated asset objects reloaded before import = 0Number of asset objects unloaded after import = 2

========================================================================
Received Import Request.
  Time since last request: 0.000054 seconds.
  path: Assets/Models/Game Objects/Button/Tex/Button_standardSurface1_Roughness.png
  artifactKey: Guid(4e53e2cb0854a7540823f25130869047) Importer(815301076,1909f56bfc062723c751e8b465ee728b)
Start importing Assets/Models/Game Objects/Button/Tex/Button_standardSurface1_Roughness.png using Guid(4e53e2cb0854a7540823f25130869047) Importer(815301076,1909f56bfc062723c751e8b465ee728b) (PreviewImporter) -> (artifact id: '350e1a2f931c2ebb3a6f5ff0a42d1fa4') in 0.0331303 seconds
Number of updated asset objects reloaded before import = 0Number of asset objects unloaded after import = 2

========================================================================
Received Import Request.
  Time since last request: 0.000081 seconds.
  path: Assets/Models/Props/Devon/Progress/Bottle 2/Tex/Bottle_2_Bottle_2_BaseColor.png
  artifactKey: Guid(b47ebef75018a7848ab645aee2476fb0) Importer(815301076,1909f56bfc062723c751e8b465ee728b)
Start importing Assets/Models/Props/Devon/Progress/Bottle 2/Tex/Bottle_2_Bottle_2_BaseColor.png using Guid(b47ebef75018a7848ab645aee2476fb0) Importer(815301076,1909f56bfc062723c751e8b465ee728b) (PreviewImporter) -> (artifact id: '9bb24ce2434ff0f234430b4260d6269f') in 0.042342 seconds
Number of updated asset objects reloaded before import = 0Number of asset objects unloaded after import = 2

========================================================================
Received Import Request.
  Time since last request: 0.000048 seconds.
  path: Assets/Models/Board/Brd_Textures_V01/Default_Material_Normal.png
  artifactKey: Guid(2ce46cfe3cdf9584ab42ff53779ac2de) Importer(815301076,1909f56bfc062723c751e8b465ee728b)
Start importing Assets/Models/Board/Brd_Textures_V01/Default_Material_Normal.png using Guid(2ce46cfe3cdf9584ab42ff53779ac2de) Importer(815301076,1909f56bfc062723c751e8b465ee728b) (PreviewImporter) -> (artifact id: 'c2e2eb7dbffd33fd892aaf011b9f4f2c') in 0.0336894 seconds
Number of updated asset objects reloaded before import = 0Number of asset objects unloaded after import = 2

========================================================================
Received Import Request.
  Time since last request: 0.000049 seconds.
  path: Assets/Models/Props/Devon/Progress/Cart/Cart Body/Tex/CartBody_standardSurface1_Roughness.png
  artifactKey: Guid(22f50a8d2d3843544885760252868960) Importer(815301076,1909f56bfc062723c751e8b465ee728b)
Start importing Assets/Models/Props/Devon/Progress/Cart/Cart Body/Tex/CartBody_standardSurface1_Roughness.png using Guid(22f50a8d2d3843544885760252868960) Importer(815301076,1909f56bfc062723c751e8b465ee728b) (PreviewImporter) -> (artifact id: 'ea46072fa3ef2814dfe1e316ddb4e7f8') in 0.0360636 seconds
Number of updated asset objects reloaded before import = 0Number of asset objects unloaded after import = 2

========================================================================
Received Import Request.
  Time since last request: 0.000126 seconds.
  path: Assets/Models/Board/Brd_Textures_V01/Control_Unit1_Base_color.png
  artifactKey: Guid(7e84354573076e24bb967afc0e32f00b) Importer(815301076,1909f56bfc062723c751e8b465ee728b)
Start importing Assets/Models/Board/Brd_Textures_V01/Control_Unit1_Base_color.png using Guid(7e84354573076e24bb967afc0e32f00b) Importer(815301076,1909f56bfc062723c751e8b465ee728b) (PreviewImporter) -> (artifact id: 'adf6f2837e30cab3787d47783c1075dd') in 0.0355175 seconds
Number of updated asset objects reloaded before import = 0Number of asset objects unloaded after import = 2

========================================================================
Received Import Request.
  Time since last request: 0.000061 seconds.
  path: Assets/Models/Textures/Facade020C_2K-PNG/Facade020C_2K-PNG_NormalGL.png
  artifactKey: Guid(7f45994f3f240b443b6fbe1a16c1c3ef) Importer(815301076,1909f56bfc062723c751e8b465ee728b)
Start importing Assets/Models/Textures/Facade020C_2K-PNG/Facade020C_2K-PNG_NormalGL.png using Guid(7f45994f3f240b443b6fbe1a16c1c3ef) Importer(815301076,1909f56bfc062723c751e8b465ee728b) (PreviewImporter) -> (artifact id: 'd87d2d4d4a3812f2c7c815f776f0fee8') in 0.0411096 seconds
Number of updated asset objects reloaded before import = 0Number of asset objects unloaded after import = 2

========================================================================
Received Import Request.
  Time since last request: 0.000057 seconds.
  path: Assets/Dialogue/emote4.png
  artifactKey: Guid(747dae6c3fe865e40a8d97aa632b1b09) Importer(815301076,1909f56bfc062723c751e8b465ee728b)
Start importing Assets/Dialogue/emote4.png using Guid(747dae6c3fe865e40a8d97aa632b1b09) Importer(815301076,1909f56bfc062723c751e8b465ee728b) (PreviewImporter) -> (artifact id: '62baaf0a56ab1c45c34ce296cb64afa2') in 0.0292575 seconds
Number of updated asset objects reloaded before import = 0Number of asset objects unloaded after import = 2

========================================================================
Received Import Request.
  Time since last request: 0.000063 seconds.
  path: Assets/Models/Board/Brd_Textures_V01/Button_Lights1_Normal.png
  artifactKey: Guid(45ba1c290dd0857458516e824dbc06f5) Importer(815301076,1909f56bfc062723c751e8b465ee728b)
Start importing Assets/Models/Board/Brd_Textures_V01/Button_Lights1_Normal.png using Guid(45ba1c290dd0857458516e824dbc06f5) Importer(815301076,1909f56bfc062723c751e8b465ee728b) (PreviewImporter) -> (artifact id: '58841932aff6172a9a93fd296bf677d7') in 0.0178403 seconds
Number of updated asset objects reloaded before import = 0Number of asset objects unloaded after import = 2

========================================================================
Received Import Request.
  Time since last request: 0.000068 seconds.
  path: Assets/Models/Textures/Facade019B_2K-PNG/Facade019B_2K-PNG_Roughness.png
  artifactKey: Guid(706f6801c48d5d741a73a161eabd9ca3) Importer(815301076,1909f56bfc062723c751e8b465ee728b)
Start importing Assets/Models/Textures/Facade019B_2K-PNG/Facade019B_2K-PNG_Roughness.png using Guid(706f6801c48d5d741a73a161eabd9ca3) Importer(815301076,1909f56bfc062723c751e8b465ee728b) (PreviewImporter) -> (artifact id: 'ed775ef2be359ce2595a3f785546944e') in 0.0389853 seconds
Number of updated asset objects reloaded before import = 0Number of asset objects unloaded after import = 2

========================================================================
Received Import Request.
  Time since last request: 0.000049 seconds.
  path: Assets/Models/Props/Devon/Progress/Cart/Cart Body/Tex/CartBody_standardSurface1_Emissive.png
  artifactKey: Guid(a506b3c7399862b459134f136db427e8) Importer(815301076,1909f56bfc062723c751e8b465ee728b)
Start importing Assets/Models/Props/Devon/Progress/Cart/Cart Body/Tex/CartBody_standardSurface1_Emissive.png using Guid(a506b3c7399862b459134f136db427e8) Importer(815301076,1909f56bfc062723c751e8b465ee728b) (PreviewImporter) -> (artifact id: 'b6192e7973e8dc1044225ffe68ad2be1') in 0.0249381 seconds
Number of updated asset objects reloaded before import = 0Number of asset objects unloaded after import = 2

========================================================================
Received Import Request.
  Time since last request: 0.000063 seconds.
  path: Assets/Models/Props/Justas/box/box/box closed_standardSurface2_Height.png
  artifactKey: Guid(00cd366626afbf04a8c7089db4f440ab) Importer(815301076,1909f56bfc062723c751e8b465ee728b)
Start importing Assets/Models/Props/Justas/box/box/box closed_standardSurface2_Height.png using Guid(00cd366626afbf04a8c7089db4f440ab) Importer(815301076,1909f56bfc062723c751e8b465ee728b) (PreviewImporter) -> (artifact id: 'e5fce95f4400e2ac093629e9c18fac4e') in 0.0315633 seconds
Number of updated asset objects reloaded before import = 0Number of asset objects unloaded after import = 2

========================================================================
Received Import Request.
  Time since last request: 0.000066 seconds.
  path: Assets/Models/Textures/Facade020C_2K-PNG/Facade020C_2K-PNG_Metalness.png
  artifactKey: Guid(d9eb8050c2ef84c43922b0726b02296e) Importer(815301076,1909f56bfc062723c751e8b465ee728b)
Start importing Assets/Models/Textures/Facade020C_2K-PNG/Facade020C_2K-PNG_Metalness.png using Guid(d9eb8050c2ef84c43922b0726b02296e) Importer(815301076,1909f56bfc062723c751e8b465ee728b) (PreviewImporter) -> (artifact id: '1724dbe622b297d60acb2aab522d663e') in 0.0218909 seconds
Number of updated asset objects reloaded before import = 0Number of asset objects unloaded after import = 2

========================================================================
Received Import Request.
  Time since last request: 0.000046 seconds.
  path: Assets/Models/Textures/Chip006_2K-PNG/Chip006_2K-PNG_Metalness.png
  artifactKey: Guid(5485a5b4051aea24e9b0a0296dae0a13) Importer(815301076,1909f56bfc062723c751e8b465ee728b)
Start importing Assets/Models/Textures/Chip006_2K-PNG/Chip006_2K-PNG_Metalness.png using Guid(5485a5b4051aea24e9b0a0296dae0a13) Importer(815301076,1909f56bfc062723c751e8b465ee728b) (PreviewImporter) -> (artifact id: '576a35a5b70cf4f8171639e23f624612') in 0.0284194 seconds
Number of updated asset objects reloaded before import = 0Number of asset objects unloaded after import = 2

========================================================================
Received Import Request.
  Time since last request: 0.000060 seconds.
  path: Assets/Models/Props/Devon/Progress/Bottle 2/Tex/Bottle_2_Bottle_2_Roughness.png
  artifactKey: Guid(4e41fab02382ef845a7a297700638764) Importer(815301076,1909f56bfc062723c751e8b465ee728b)
Start importing Assets/Models/Props/Devon/Progress/Bottle 2/Tex/Bottle_2_Bottle_2_Roughness.png using Guid(4e41fab02382ef845a7a297700638764) Importer(815301076,1909f56bfc062723c751e8b465ee728b) (PreviewImporter) -> (artifact id: '68afc240c2309938fddcd15f1e75a6f6') in 0.0270973 seconds
Number of updated asset objects reloaded before import = 0Number of asset objects unloaded after import = 2

========================================================================
Received Import Request.
  Time since last request: 0.000089 seconds.
  path: Assets/Models/Props/Devon/Progress/Bottle 2/Tex/Bottle_2_Bottle_2_Normal.png
  artifactKey: Guid(ee379950989cb094d93dd8571ee7deca) Importer(815301076,1909f56bfc062723c751e8b465ee728b)
Start importing Assets/Models/Props/Devon/Progress/Bottle 2/Tex/Bottle_2_Bottle_2_Normal.png using Guid(ee379950989cb094d93dd8571ee7deca) Importer(815301076,1909f56bfc062723c751e8b465ee728b) (PreviewImporter) -> (artifact id: 'c020fc6c86d474b4fef7d5e92bc13a33') in 0.0235122 seconds
Number of updated asset objects reloaded before import = 0Number of asset objects unloaded after import = 2

========================================================================
Received Import Request.
  Time since last request: 0.000034 seconds.
  path: Assets/Models/Textures/Facade020C_2K-PNG/Facade020C_2K-PNG_Displacement.png
  artifactKey: Guid(a23e43b1836289d48add512d5ab5d13c) Importer(815301076,1909f56bfc062723c751e8b465ee728b)
Start importing Assets/Models/Textures/Facade020C_2K-PNG/Facade020C_2K-PNG_Displacement.png using Guid(a23e43b1836289d48add512d5ab5d13c) Importer(815301076,1909f56bfc062723c751e8b465ee728b) (PreviewImporter) -> (artifact id: '88af7566a220e542d5fb752386815a82') in 0.0349092 seconds
Number of updated asset objects reloaded before import = 0Number of asset objects unloaded after import = 2

========================================================================
Received Import Request.
  Time since last request: 0.000051 seconds.
  path: Assets/Models/Board/Brd_Textures_V01/Button_Lights1_Roughness.png
  artifactKey: Guid(659267e37cb902c4b93d634d657c257f) Importer(815301076,1909f56bfc062723c751e8b465ee728b)
Start importing Assets/Models/Board/Brd_Textures_V01/Button_Lights1_Roughness.png using Guid(659267e37cb902c4b93d634d657c257f) Importer(815301076,1909f56bfc062723c751e8b465ee728b) (PreviewImporter) -> (artifact id: 'd1904e53c40631c9246632802ad808e9') in 0.0336013 seconds
Number of updated asset objects reloaded before import = 0Number of asset objects unloaded after import = 2

========================================================================
Received Import Request.
  Time since last request: 0.000077 seconds.
  path: Assets/Models/Props/Devon/Progress/Cart/Cart Body/Tex/CartBody_standardSurface1_Normal.png
  artifactKey: Guid(ebdc382a0907f9b46a41f2e5ef146dbd) Importer(815301076,1909f56bfc062723c751e8b465ee728b)
Start importing Assets/Models/Props/Devon/Progress/Cart/Cart Body/Tex/CartBody_standardSurface1_Normal.png using Guid(ebdc382a0907f9b46a41f2e5ef146dbd) Importer(815301076,1909f56bfc062723c751e8b465ee728b) (PreviewImporter) -> (artifact id: 'f6e2f3298b25f400588b898e11d7bc19') in 0.0375985 seconds
Number of updated asset objects reloaded before import = 0Number of asset objects unloaded after import = 2

========================================================================
Received Import Request.
  Time since last request: 0.000041 seconds.
  path: Assets/Models/Board/Brd_Textures_V01/Button_Lights1_Height.png
  artifactKey: Guid(7438a4ea23c744d42af8c20db57b376c) Importer(815301076,1909f56bfc062723c751e8b465ee728b)
Start importing Assets/Models/Board/Brd_Textures_V01/Button_Lights1_Height.png using Guid(7438a4ea23c744d42af8c20db57b376c) Importer(815301076,1909f56bfc062723c751e8b465ee728b) (PreviewImporter) -> (artifact id: '83de30d10f054a61e57197bd67c065de') in 0.0286335 seconds
Number of updated asset objects reloaded before import = 0Number of asset objects unloaded after import = 2

========================================================================
Received Import Request.
  Time since last request: 0.000043 seconds.
  path: Assets/Models/Textures/Facade020C_2K-PNG/Facade020C_2K-PNG_Emission.png
  artifactKey: Guid(e1d2fd68137fbab40b0eb1d1880da73b) Importer(815301076,1909f56bfc062723c751e8b465ee728b)
Start importing Assets/Models/Textures/Facade020C_2K-PNG/Facade020C_2K-PNG_Emission.png using Guid(e1d2fd68137fbab40b0eb1d1880da73b) Importer(815301076,1909f56bfc062723c751e8b465ee728b) (PreviewImporter) -> (artifact id: '5b9854b649b105117d80b5757af1e548') in 0.0288178 seconds
Number of updated asset objects reloaded before import = 0Number of asset objects unloaded after import = 2

========================================================================
Received Import Request.
  Time since last request: 0.000042 seconds.
  path: Assets/Models/Board/Brd_Textures_V01/Board_Base_color.png
  artifactKey: Guid(1453b91324bc3a145b516d1759dc3837) Importer(815301076,1909f56bfc062723c751e8b465ee728b)
Start importing Assets/Models/Board/Brd_Textures_V01/Board_Base_color.png using Guid(1453b91324bc3a145b516d1759dc3837) Importer(815301076,1909f56bfc062723c751e8b465ee728b) (PreviewImporter) -> (artifact id: '0fc318c518450ee872b3cb875218de94') in 0.0308743 seconds
Number of updated asset objects reloaded before import = 0Number of asset objects unloaded after import = 2

========================================================================
Received Import Request.
  Time since last request: 0.000031 seconds.
  path: Assets/Models/Props/Devon/Progress/Cart/Cart Cover/Tex/CartCover_standardSurface1_Metallic.png
  artifactKey: Guid(aa66e2e3f1e0aee47b1f04cecbb4d07d) Importer(815301076,1909f56bfc062723c751e8b465ee728b)
Start importing Assets/Models/Props/Devon/Progress/Cart/Cart Cover/Tex/CartCover_standardSurface1_Metallic.png using Guid(aa66e2e3f1e0aee47b1f04cecbb4d07d) Importer(815301076,1909f56bfc062723c751e8b465ee728b) (PreviewImporter) -> (artifact id: '9ac33959c1d4ee706cc55d0891ec67e8') in 0.014729 seconds
Number of updated asset objects reloaded before import = 0Number of asset objects unloaded after import = 2

========================================================================
Received Import Request.
  Time since last request: 0.000076 seconds.
  path: Assets/Models/Props/Justas/box/box/box closed_standardSurface2_Metallic.png
  artifactKey: Guid(4915104e892050448804ba3a1b9f0bcd) Importer(815301076,1909f56bfc062723c751e8b465ee728b)
Start importing Assets/Models/Props/Justas/box/box/box closed_standardSurface2_Metallic.png using Guid(4915104e892050448804ba3a1b9f0bcd) Importer(815301076,1909f56bfc062723c751e8b465ee728b) (PreviewImporter) -> (artifact id: 'e288d4bfb2359908b557948b29f96d81') in 0.0138203 seconds
Number of updated asset objects reloaded before import = 0Number of asset objects unloaded after import = 2

========================================================================
Received Import Request.
  Time since last request: 0.000123 seconds.
  path: Assets/Models/Textures/Chip006_2K-PNG/Chip006_2K-PNG_Color.png
  artifactKey: Guid(e82f3b37b1829404e8c4d2d94cf4023a) Importer(815301076,1909f56bfc062723c751e8b465ee728b)
Start importing Assets/Models/Textures/Chip006_2K-PNG/Chip006_2K-PNG_Color.png using Guid(e82f3b37b1829404e8c4d2d94cf4023a) Importer(815301076,1909f56bfc062723c751e8b465ee728b) (PreviewImporter) -> (artifact id: '38e088e281be8647be1868a159eb082f') in 0.0274955 seconds
Number of updated asset objects reloaded before import = 0Number of asset objects unloaded after import = 2

========================================================================
Received Import Request.
  Time since last request: 0.000038 seconds.
  path: Assets/Models/Props/Justas/box/tape/box closed_tape_Height.png
  artifactKey: Guid(0c43fe611eed60d419879ac4ac8965e9) Importer(815301076,1909f56bfc062723c751e8b465ee728b)
Start importing Assets/Models/Props/Justas/box/tape/box closed_tape_Height.png using Guid(0c43fe611eed60d419879ac4ac8965e9) Importer(815301076,1909f56bfc062723c751e8b465ee728b) (PreviewImporter) -> (artifact id: '40cfa4848b0e898f33fd1fb695672497') in 0.0223885 seconds
Number of updated asset objects reloaded before import = 0Number of asset objects unloaded after import = 2

========================================================================
Received Import Request.
  Time since last request: 0.000072 seconds.
  path: Assets/Models/Props/Justas/File_locker/handles/file locker_file3_BaseColor.png
  artifactKey: Guid(9e063d413d3cc6b428152db107230bbb) Importer(815301076,1909f56bfc062723c751e8b465ee728b)
Start importing Assets/Models/Props/Justas/File_locker/handles/file locker_file3_BaseColor.png using Guid(9e063d413d3cc6b428152db107230bbb) Importer(815301076,1909f56bfc062723c751e8b465ee728b) (PreviewImporter) -> (artifact id: 'b2011db60446849e1ad7e297e89a4947') in 0.0227883 seconds
Number of updated asset objects reloaded before import = 0Number of asset objects unloaded after import = 2

========================================================================
Received Import Request.
  Time since last request: 0.000035 seconds.
  path: Assets/Models/Textures/Facade020C_2K-PNG/Facade020C_2K-PNG_NormalDX.png
  artifactKey: Guid(fdbde5fa504e2424199540d318ff0adf) Importer(815301076,1909f56bfc062723c751e8b465ee728b)
Start importing Assets/Models/Textures/Facade020C_2K-PNG/Facade020C_2K-PNG_NormalDX.png using Guid(fdbde5fa504e2424199540d318ff0adf) Importer(815301076,1909f56bfc062723c751e8b465ee728b) (PreviewImporter) -> (artifact id: '4614b54e9571bc9fe559bd77037f9f62') in 0.0413253 seconds
Number of updated asset objects reloaded before import = 0Number of asset objects unloaded after import = 2

========================================================================
Received Import Request.
  Time since last request: 0.000050 seconds.
  path: Assets/Models/Props/Devon/Progress/Bottle 1/Tex/Bottle_1_Bottle_1_Emissive.png
  artifactKey: Guid(de9b0395b90974245b9c154b7ac9e1d9) Importer(815301076,1909f56bfc062723c751e8b465ee728b)
Start importing Assets/Models/Props/Devon/Progress/Bottle 1/Tex/Bottle_1_Bottle_1_Emissive.png using Guid(de9b0395b90974245b9c154b7ac9e1d9) Importer(815301076,1909f56bfc062723c751e8b465ee728b) (PreviewImporter) -> (artifact id: 'fc156b8b67170d51f22d45f2b46a14e9') in 0.0214852 seconds
Number of updated asset objects reloaded before import = 0Number of asset objects unloaded after import = 2

========================================================================
Received Prepare
Begin MonoManager ReloadAssembly
- Loaded All Assemblies, in  1.637 seconds
Refreshing native plugins compatible for Editor in 5.75 ms, found 4 plugins.
Native extension for Android target not found
Native extension for WindowsStandalone target not found
Native extension for WebGL target not found
Mono: successfully reloaded assembly
- Finished resetting the current domain, in  1.347 seconds
Domain Reload Profiling: 2950ms
	BeginReloadAssembly (529ms)
		ExecutionOrderSort (0ms)
		DisableScriptedObjects (28ms)
		BackupInstance (0ms)
		ReleaseScriptingObjects (0ms)
		CreateAndSetChildDomain (86ms)
	RebuildCommonClasses (60ms)
	RebuildNativeTypeToScriptingClass (14ms)
	initialDomainReloadingComplete (75ms)
	LoadAllAssembliesAndSetupDomain (925ms)
		LoadAssemblies (1021ms)
		RebuildTransferFunctionScriptingTraits (0ms)
		AnalyzeDomain (234ms)
			TypeCache.Refresh (6ms)
				TypeCache.ScanAssembly (0ms)
			BuildScriptInfoCaches (210ms)
			ResolveRequiredComponents (15ms)
	FinalizeReload (1348ms)
		ReleaseScriptCaches (0ms)
		RebuildScriptCaches (0ms)
		SetupLoadedEditorAssemblies (1154ms)
			LogAssemblyErrors (0ms)
			InitializePlatformSupportModulesInManaged (35ms)
			SetLoadedEditorAssemblies (6ms)
			BeforeProcessingInitializeOnLoad (286ms)
			ProcessInitializeOnLoadAttributes (708ms)
			ProcessInitializeOnLoadMethodAttributes (92ms)
			AfterProcessingInitializeOnLoad (27ms)
			EditorAssembliesLoaded (1ms)
		ExecutionOrderSort2 (0ms)
		AwakeInstancesAfterBackupRestoration (21ms)
Refreshing native plugins compatible for Editor in 6.26 ms, found 4 plugins.
Preloading 0 native plugins for Editor in 0.00 ms.
Unloading 12 Unused Serialized files (Serialized files now loaded: 0)
Unloading 6631 unused Assets / (4.8 MB). Loaded Objects now: 7478.
Memory consumption went from 157.5 MB to 152.7 MB.
Total: 18.213200 ms (FindLiveObjects: 1.723500 ms CreateObjectMapping: 1.750300 ms MarkObjects: 10.103500 ms  DeleteObjects: 4.633700 ms)

Prepare: number of updated asset objects reloaded= 0
Editor requested this worker to shutdown with reason: Scaling down because of idle timeout
AssetImportWorker is now disconnected from the server
Process exiting
Exiting without the bug reporter. Application will terminate with return code 0